Copyright 1986-2017 Xilinx, Inc. All Rights Reserved.
---------------------------------------------------------------------------------------------------------------------------------------------------------------------
| Tool Version : Vivado v.2017.4 (win64) Build 2086221 Fri Dec 15 20:55:39 MST 2017
| Date         : Fri Apr 27 11:53:14 2018
| Host         : LAPTOP-AGNOLB4R running 64-bit major release  (build 9200)
| Command      : report_timing_summary -max_paths 10 -file stopwatch_main_timing_summary_routed.rpt -rpx stopwatch_main_timing_summary_routed.rpx -warn_on_violation
| Design       : stopwatch_main
| Device       : 7a35t-cpg236
| Speed File   : -1  PRODUCTION 1.20 2017-11-01
---------------------------------------------------------------------------------------------------------------------------------------------------------------------

Timing Summary Report

------------------------------------------------------------------------------------------------
| Timer Settings
| --------------
------------------------------------------------------------------------------------------------

  Enable Multi Corner Analysis               :  Yes
  Enable Pessimism Removal                   :  Yes
  Pessimism Removal Resolution               :  Nearest Common Node
  Enable Input Delay Default Clock           :  No
  Enable Preset / Clear Arcs                 :  No
  Disable Flight Delays                      :  No
  Ignore I/O Paths                           :  No
  Timing Early Launch at Borrowing Latches   :  false

  Corner  Analyze    Analyze    
  Name    Max Paths  Min Paths  
  ------  ---------  ---------  
  Slow    Yes        Yes        
  Fast    Yes        Yes        



check_timing report

Table of Contents
-----------------
1. checking no_clock
2. checking constant_clock
3. checking pulse_width_clock
4. checking unconstrained_internal_endpoints
5. checking no_input_delay
6. checking no_output_delay
7. checking multiple_clock
8. checking generated_clocks
9. checking loops
10. checking partial_input_delay
11. checking partial_output_delay
12. checking latch_loops

1. checking no_clock
--------------------
 There are 16 register/latch pins with no clock driven by root clock pin: c2/clk_out_reg/Q (HIGH)

 There are 7 register/latch pins with no clock driven by root clock pin: c3/out0_reg[1]/Q (HIGH)

 There are 7 register/latch pins with no clock driven by root clock pin: c3/out0_reg[2]/Q (HIGH)

 There are 7 register/latch pins with no clock driven by root clock pin: c3/out0_reg[3]/Q (HIGH)

 There are 7 register/latch pins with no clock driven by root clock pin: c3/out1_reg[1]/Q (HIGH)

 There are 7 register/latch pins with no clock driven by root clock pin: c3/out1_reg[2]/Q (HIGH)

 There are 7 register/latch pins with no clock driven by root clock pin: c3/out1_reg[3]/Q (HIGH)

 There are 7 register/latch pins with no clock driven by root clock pin: c3/out2_reg[1]/Q (HIGH)

 There are 7 register/latch pins with no clock driven by root clock pin: c3/out2_reg[2]/Q (HIGH)

 There are 7 register/latch pins with no clock driven by root clock pin: c3/out2_reg[3]/Q (HIGH)

 There are 7 register/latch pins with no clock driven by root clock pin: c3/out3_reg[1]/Q (HIGH)

 There are 7 register/latch pins with no clock driven by root clock pin: c3/out3_reg[2]/Q (HIGH)

 There are 7 register/latch pins with no clock driven by root clock pin: c3/out3_reg[3]/Q (HIGH)

 There are 2 register/latch pins with no clock driven by root clock pin: c8/COUNT_reg[15]/Q (HIGH)


2. checking constant_clock
--------------------------
 There are 0 register/latch pins with constant_clock.


3. checking pulse_width_clock
-----------------------------
 There are 0 register/latch pins which need pulse_width check


4. checking unconstrained_internal_endpoints
--------------------------------------------
 There are 66 pins that are not constrained for maximum delay. (HIGH)

 There are 0 pins that are not constrained for maximum delay due to constant clock.


5. checking no_input_delay
--------------------------
 There are 12 input ports with no input delay specified. (HIGH)

 There are 0 input ports with no input delay but user has a false path constraint.


6. checking no_output_delay
---------------------------
 There are 12 ports with no output delay specified. (HIGH)

 There are 0 ports with no output delay but user has a false path constraint

 There are 0 ports with no output delay but with a timing clock defined on it or propagating through it


7. checking multiple_clock
--------------------------
 There are 0 register/latch pins with multiple clocks.


8. checking generated_clocks
----------------------------
 There are 0 generated clocks that are not connected to a clock source.


9. checking loops
-----------------
 There are 0 combinational loops in the design.


10. checking partial_input_delay
--------------------------------
 There are 0 input ports with partial input delay specified.


11. checking partial_output_delay
---------------------------------
 There are 0 ports with partial output delay specified.


12. checking latch_loops
------------------------
 There are 0 combinational latch loops in the design through latch input



------------------------------------------------------------------------------------------------
| Design Timing Summary
| ---------------------
------------------------------------------------------------------------------------------------

    WNS(ns)      TNS(ns)  TNS Failing Endpoints  TNS Total Endpoints      WHS(ns)      THS(ns)  THS Failing Endpoints  THS Total Endpoints     WPWS(ns)     TPWS(ns)  TPWS Failing Endpoints  TPWS Total Endpoints  
    -------      -------  ---------------------  -------------------      -------      -------  ---------------------  -------------------     --------     --------  ----------------------  --------------------  
      6.459        0.000                      0                   58        0.252        0.000                      0                   58        4.500        0.000                       0                    40  


All user specified timing constraints are met.


------------------------------------------------------------------------------------------------
| Clock Summary
| -------------
------------------------------------------------------------------------------------------------

Clock        Waveform(ns)       Period(ns)      Frequency(MHz)
-----        ------------       ----------      --------------
sys_clk_pin  {0.000 5.000}      10.000          100.000         


------------------------------------------------------------------------------------------------
| Intra Clock Table
| -----------------
------------------------------------------------------------------------------------------------

Clock             WNS(ns)      TNS(ns)  TNS Failing Endpoints  TNS Total Endpoints      WHS(ns)      THS(ns)  THS Failing Endpoints  THS Total Endpoints     WPWS(ns)     TPWS(ns)  TPWS Failing Endpoints  TPWS Total Endpoints  
-----             -------      -------  ---------------------  -------------------      -------      -------  ---------------------  -------------------     --------     --------  ----------------------  --------------------  
sys_clk_pin         6.459        0.000                      0                   58        0.252        0.000                      0                   58        4.500        0.000                       0                    40  


------------------------------------------------------------------------------------------------
| Inter Clock Table
| -----------------
------------------------------------------------------------------------------------------------

From Clock    To Clock          WNS(ns)      TNS(ns)  TNS Failing Endpoints  TNS Total Endpoints      WHS(ns)      THS(ns)  THS Failing Endpoints  THS Total Endpoints  
----------    --------          -------      -------  ---------------------  -------------------      -------      -------  ---------------------  -------------------  


------------------------------------------------------------------------------------------------
| Other Path Groups Table
| -----------------------
------------------------------------------------------------------------------------------------

Path Group    From Clock    To Clock          WNS(ns)      TNS(ns)  TNS Failing Endpoints  TNS Total Endpoints      WHS(ns)      THS(ns)  THS Failing Endpoints  THS Total Endpoints  
----------    ----------    --------          -------      -------  ---------------------  -------------------      -------      -------  ---------------------  -------------------  


------------------------------------------------------------------------------------------------
| Timing Details
| --------------
------------------------------------------------------------------------------------------------


---------------------------------------------------------------------------------------------------
From Clock:  sys_clk_pin
  To Clock:  sys_clk_pin

Setup :            0  Failing Endpoints,  Worst Slack        6.459ns,  Total Violation        0.000ns
Hold  :            0  Failing Endpoints,  Worst Slack        0.252ns,  Total Violation        0.000ns
PW    :            0  Failing Endpoints,  Worst Slack        4.500ns,  Total Violation        0.000ns
---------------------------------------------------------------------------------------------------


Max Delay Paths
--------------------------------------------------------------------------------------
Slack (MET) :             6.459ns  (required time - arrival time)
  Source:                 c2/COUNT_reg[11]/C
                            (rising edge-triggered cell FDRE clocked by sys_clk_pin  {rise@0.000ns fall@5.000ns period=10.000ns})
  Destination:            c2/COUNT_reg[16]/R
                            (rising edge-triggered cell FDRE clocked by sys_clk_pin  {rise@0.000ns fall@5.000ns period=10.000ns})
  Path Group:             sys_clk_pin
  Path Type:              Setup (Max at Slow Process Corner)
  Requirement:            10.000ns  (sys_clk_pin rise@10.000ns - sys_clk_pin rise@0.000ns)
  Data Path Delay:        3.051ns  (logic 0.704ns (23.075%)  route 2.347ns (76.925%))
  Logic Levels:           2  (LUT5=1 LUT6=1)
  Clock Path Skew:        -0.026ns (DCD - SCD + CPR)
    Destination Clock Delay (DCD):    4.851ns = ( 14.851 - 10.000 ) 
    Source Clock Delay      (SCD):    5.151ns
    Clock Pessimism Removal (CPR):    0.274ns
  Clock Uncertainty:      0.035ns  ((TSJ^2 + TIJ^2)^1/2 + DJ) / 2 + PE
    Total System Jitter     (TSJ):    0.071ns
    Total Input Jitter      (TIJ):    0.000ns
    Discrete Jitter          (DJ):    0.000ns
    Phase Error              (PE):    0.000ns

    Location             Delay type                Incr(ns)  Path(ns)    Netlist Resource(s)
  -------------------------------------------------------------------    -------------------
                         (clock sys_clk_pin rise edge)
                                                      0.000     0.000 r  
    W5                                                0.000     0.000 r  clk (IN)
                         net (fo=0)                   0.000     0.000    clk
    W5                   IBUF (Prop_ibuf_I_O)         1.458     1.458 r  clk_IBUF_inst/O
                         net (fo=1, routed)           1.967     3.425    clk_IBUF
    BUFGCTRL_X0Y0        BUFG (Prop_bufg_I_O)         0.096     3.521 r  clk_IBUF_BUFG_inst/O
                         net (fo=39, routed)          1.630     5.151    c2/clk
    SLICE_X58Y15         FDRE                                         r  c2/COUNT_reg[11]/C
  -------------------------------------------------------------------    -------------------
    SLICE_X58Y15         FDRE (Prop_fdre_C_Q)         0.456     5.607 r  c2/COUNT_reg[11]/Q
                         net (fo=2, routed)           0.812     6.419    c2/COUNT_reg[11]
    SLICE_X59Y16         LUT5 (Prop_lut5_I3_O)        0.124     6.543 f  c2/clk_out_i_2/O
                         net (fo=1, routed)           0.797     7.341    c2/clk_out_i_2_n_0
    SLICE_X59Y15         LUT6 (Prop_lut6_I0_O)        0.124     7.465 r  c2/clk_out_i_1/O
                         net (fo=21, routed)          0.737     8.202    c2/clear
    SLICE_X58Y17         FDRE                                         r  c2/COUNT_reg[16]/R
  -------------------------------------------------------------------    -------------------

                         (clock sys_clk_pin rise edge)
                                                     10.000    10.000 r  
    W5                                                0.000    10.000 r  clk (IN)
                         net (fo=0)                   0.000    10.000    clk
    W5                   IBUF (Prop_ibuf_I_O)         1.388    11.388 r  clk_IBUF_inst/O
                         net (fo=1, routed)           1.862    13.250    clk_IBUF
    BUFGCTRL_X0Y0        BUFG (Prop_bufg_I_O)         0.091    13.341 r  clk_IBUF_BUFG_inst/O
                         net (fo=39, routed)          1.510    14.851    c2/clk
    SLICE_X58Y17         FDRE                                         r  c2/COUNT_reg[16]/C
                         clock pessimism              0.274    15.125    
                         clock uncertainty           -0.035    15.090    
    SLICE_X58Y17         FDRE (Setup_fdre_C_R)       -0.429    14.661    c2/COUNT_reg[16]
  -------------------------------------------------------------------
                         required time                         14.661    
                         arrival time                          -8.202    
  -------------------------------------------------------------------
                         slack                                  6.459    

Slack (MET) :             6.459ns  (required time - arrival time)
  Source:                 c2/COUNT_reg[11]/C
                            (rising edge-triggered cell FDRE clocked by sys_clk_pin  {rise@0.000ns fall@5.000ns period=10.000ns})
  Destination:            c2/COUNT_reg[17]/R
                            (rising edge-triggered cell FDRE clocked by sys_clk_pin  {rise@0.000ns fall@5.000ns period=10.000ns})
  Path Group:             sys_clk_pin
  Path Type:              Setup (Max at Slow Process Corner)
  Requirement:            10.000ns  (sys_clk_pin rise@10.000ns - sys_clk_pin rise@0.000ns)
  Data Path Delay:        3.051ns  (logic 0.704ns (23.075%)  route 2.347ns (76.925%))
  Logic Levels:           2  (LUT5=1 LUT6=1)
  Clock Path Skew:        -0.026ns (DCD - SCD + CPR)
    Destination Clock Delay (DCD):    4.851ns = ( 14.851 - 10.000 ) 
    Source Clock Delay      (SCD):    5.151ns
    Clock Pessimism Removal (CPR):    0.274ns
  Clock Uncertainty:      0.035ns  ((TSJ^2 + TIJ^2)^1/2 + DJ) / 2 + PE
    Total System Jitter     (TSJ):    0.071ns
    Total Input Jitter      (TIJ):    0.000ns
    Discrete Jitter          (DJ):    0.000ns
    Phase Error              (PE):    0.000ns

    Location             Delay type                Incr(ns)  Path(ns)    Netlist Resource(s)
  -------------------------------------------------------------------    -------------------
                         (clock sys_clk_pin rise edge)
                                                      0.000     0.000 r  
    W5                                                0.000     0.000 r  clk (IN)
                         net (fo=0)                   0.000     0.000    clk
    W5                   IBUF (Prop_ibuf_I_O)         1.458     1.458 r  clk_IBUF_inst/O
                         net (fo=1, routed)           1.967     3.425    clk_IBUF
    BUFGCTRL_X0Y0        BUFG (Prop_bufg_I_O)         0.096     3.521 r  clk_IBUF_BUFG_inst/O
                         net (fo=39, routed)          1.630     5.151    c2/clk
    SLICE_X58Y15         FDRE                                         r  c2/COUNT_reg[11]/C
  -------------------------------------------------------------------    -------------------
    SLICE_X58Y15         FDRE (Prop_fdre_C_Q)         0.456     5.607 r  c2/COUNT_reg[11]/Q
                         net (fo=2, routed)           0.812     6.419    c2/COUNT_reg[11]
    SLICE_X59Y16         LUT5 (Prop_lut5_I3_O)        0.124     6.543 f  c2/clk_out_i_2/O
                         net (fo=1, routed)           0.797     7.341    c2/clk_out_i_2_n_0
    SLICE_X59Y15         LUT6 (Prop_lut6_I0_O)        0.124     7.465 r  c2/clk_out_i_1/O
                         net (fo=21, routed)          0.737     8.202    c2/clear
    SLICE_X58Y17         FDRE                                         r  c2/COUNT_reg[17]/R
  -------------------------------------------------------------------    -------------------

                         (clock sys_clk_pin rise edge)
                                                     10.000    10.000 r  
    W5                                                0.000    10.000 r  clk (IN)
                         net (fo=0)                   0.000    10.000    clk
    W5                   IBUF (Prop_ibuf_I_O)         1.388    11.388 r  clk_IBUF_inst/O
                         net (fo=1, routed)           1.862    13.250    clk_IBUF
    BUFGCTRL_X0Y0        BUFG (Prop_bufg_I_O)         0.091    13.341 r  clk_IBUF_BUFG_inst/O
                         net (fo=39, routed)          1.510    14.851    c2/clk
    SLICE_X58Y17         FDRE                                         r  c2/COUNT_reg[17]/C
                         clock pessimism              0.274    15.125    
                         clock uncertainty           -0.035    15.090    
    SLICE_X58Y17         FDRE (Setup_fdre_C_R)       -0.429    14.661    c2/COUNT_reg[17]
  -------------------------------------------------------------------
                         required time                         14.661    
                         arrival time                          -8.202    
  -------------------------------------------------------------------
                         slack                                  6.459    

Slack (MET) :             6.459ns  (required time - arrival time)
  Source:                 c2/COUNT_reg[11]/C
                            (rising edge-triggered cell FDRE clocked by sys_clk_pin  {rise@0.000ns fall@5.000ns period=10.000ns})
  Destination:            c2/COUNT_reg[18]/R
                            (rising edge-triggered cell FDRE clocked by sys_clk_pin  {rise@0.000ns fall@5.000ns period=10.000ns})
  Path Group:             sys_clk_pin
  Path Type:              Setup (Max at Slow Process Corner)
  Requirement:            10.000ns  (sys_clk_pin rise@10.000ns - sys_clk_pin rise@0.000ns)
  Data Path Delay:        3.051ns  (logic 0.704ns (23.075%)  route 2.347ns (76.925%))
  Logic Levels:           2  (LUT5=1 LUT6=1)
  Clock Path Skew:        -0.026ns (DCD - SCD + CPR)
    Destination Clock Delay (DCD):    4.851ns = ( 14.851 - 10.000 ) 
    Source Clock Delay      (SCD):    5.151ns
    Clock Pessimism Removal (CPR):    0.274ns
  Clock Uncertainty:      0.035ns  ((TSJ^2 + TIJ^2)^1/2 + DJ) / 2 + PE
    Total System Jitter     (TSJ):    0.071ns
    Total Input Jitter      (TIJ):    0.000ns
    Discrete Jitter          (DJ):    0.000ns
    Phase Error              (PE):    0.000ns

    Location             Delay type                Incr(ns)  Path(ns)    Netlist Resource(s)
  -------------------------------------------------------------------    -------------------
                         (clock sys_clk_pin rise edge)
                                                      0.000     0.000 r  
    W5                                                0.000     0.000 r  clk (IN)
                         net (fo=0)                   0.000     0.000    clk
    W5                   IBUF (Prop_ibuf_I_O)         1.458     1.458 r  clk_IBUF_inst/O
                         net (fo=1, routed)           1.967     3.425    clk_IBUF
    BUFGCTRL_X0Y0        BUFG (Prop_bufg_I_O)         0.096     3.521 r  clk_IBUF_BUFG_inst/O
                         net (fo=39, routed)          1.630     5.151    c2/clk
    SLICE_X58Y15         FDRE                                         r  c2/COUNT_reg[11]/C
  -------------------------------------------------------------------    -------------------
    SLICE_X58Y15         FDRE (Prop_fdre_C_Q)         0.456     5.607 r  c2/COUNT_reg[11]/Q
                         net (fo=2, routed)           0.812     6.419    c2/COUNT_reg[11]
    SLICE_X59Y16         LUT5 (Prop_lut5_I3_O)        0.124     6.543 f  c2/clk_out_i_2/O
                         net (fo=1, routed)           0.797     7.341    c2/clk_out_i_2_n_0
    SLICE_X59Y15         LUT6 (Prop_lut6_I0_O)        0.124     7.465 r  c2/clk_out_i_1/O
                         net (fo=21, routed)          0.737     8.202    c2/clear
    SLICE_X58Y17         FDRE                                         r  c2/COUNT_reg[18]/R
  -------------------------------------------------------------------    -------------------

                         (clock sys_clk_pin rise edge)
                                                     10.000    10.000 r  
    W5                                                0.000    10.000 r  clk (IN)
                         net (fo=0)                   0.000    10.000    clk
    W5                   IBUF (Prop_ibuf_I_O)         1.388    11.388 r  clk_IBUF_inst/O
                         net (fo=1, routed)           1.862    13.250    clk_IBUF
    BUFGCTRL_X0Y0        BUFG (Prop_bufg_I_O)         0.091    13.341 r  clk_IBUF_BUFG_inst/O
                         net (fo=39, routed)          1.510    14.851    c2/clk
    SLICE_X58Y17         FDRE                                         r  c2/COUNT_reg[18]/C
                         clock pessimism              0.274    15.125    
                         clock uncertainty           -0.035    15.090    
    SLICE_X58Y17         FDRE (Setup_fdre_C_R)       -0.429    14.661    c2/COUNT_reg[18]
  -------------------------------------------------------------------
                         required time                         14.661    
                         arrival time                          -8.202    
  -------------------------------------------------------------------
                         slack                                  6.459    

Slack (MET) :             6.459ns  (required time - arrival time)
  Source:                 c2/COUNT_reg[11]/C
                            (rising edge-triggered cell FDRE clocked by sys_clk_pin  {rise@0.000ns fall@5.000ns period=10.000ns})
  Destination:            c2/COUNT_reg[19]/R
                            (rising edge-triggered cell FDRE clocked by sys_clk_pin  {rise@0.000ns fall@5.000ns period=10.000ns})
  Path Group:             sys_clk_pin
  Path Type:              Setup (Max at Slow Process Corner)
  Requirement:            10.000ns  (sys_clk_pin rise@10.000ns - sys_clk_pin rise@0.000ns)
  Data Path Delay:        3.051ns  (logic 0.704ns (23.075%)  route 2.347ns (76.925%))
  Logic Levels:           2  (LUT5=1 LUT6=1)
  Clock Path Skew:        -0.026ns (DCD - SCD + CPR)
    Destination Clock Delay (DCD):    4.851ns = ( 14.851 - 10.000 ) 
    Source Clock Delay      (SCD):    5.151ns
    Clock Pessimism Removal (CPR):    0.274ns
  Clock Uncertainty:      0.035ns  ((TSJ^2 + TIJ^2)^1/2 + DJ) / 2 + PE
    Total System Jitter     (TSJ):    0.071ns
    Total Input Jitter      (TIJ):    0.000ns
    Discrete Jitter          (DJ):    0.000ns
    Phase Error              (PE):    0.000ns

    Location             Delay type                Incr(ns)  Path(ns)    Netlist Resource(s)
  -------------------------------------------------------------------    -------------------
                         (clock sys_clk_pin rise edge)
                                                      0.000     0.000 r  
    W5                                                0.000     0.000 r  clk (IN)
                         net (fo=0)                   0.000     0.000    clk
    W5                   IBUF (Prop_ibuf_I_O)         1.458     1.458 r  clk_IBUF_inst/O
                         net (fo=1, routed)           1.967     3.425    clk_IBUF
    BUFGCTRL_X0Y0        BUFG (Prop_bufg_I_O)         0.096     3.521 r  clk_IBUF_BUFG_inst/O
                         net (fo=39, routed)          1.630     5.151    c2/clk
    SLICE_X58Y15         FDRE                                         r  c2/COUNT_reg[11]/C
  -------------------------------------------------------------------    -------------------
    SLICE_X58Y15         FDRE (Prop_fdre_C_Q)         0.456     5.607 r  c2/COUNT_reg[11]/Q
                         net (fo=2, routed)           0.812     6.419    c2/COUNT_reg[11]
    SLICE_X59Y16         LUT5 (Prop_lut5_I3_O)        0.124     6.543 f  c2/clk_out_i_2/O
                         net (fo=1, routed)           0.797     7.341    c2/clk_out_i_2_n_0
    SLICE_X59Y15         LUT6 (Prop_lut6_I0_O)        0.124     7.465 r  c2/clk_out_i_1/O
                         net (fo=21, routed)          0.737     8.202    c2/clear
    SLICE_X58Y17         FDRE                                         r  c2/COUNT_reg[19]/R
  -------------------------------------------------------------------    -------------------

                         (clock sys_clk_pin rise edge)
                                                     10.000    10.000 r  
    W5                                                0.000    10.000 r  clk (IN)
                         net (fo=0)                   0.000    10.000    clk
    W5                   IBUF (Prop_ibuf_I_O)         1.388    11.388 r  clk_IBUF_inst/O
                         net (fo=1, routed)           1.862    13.250    clk_IBUF
    BUFGCTRL_X0Y0        BUFG (Prop_bufg_I_O)         0.091    13.341 r  clk_IBUF_BUFG_inst/O
                         net (fo=39, routed)          1.510    14.851    c2/clk
    SLICE_X58Y17         FDRE                                         r  c2/COUNT_reg[19]/C
                         clock pessimism              0.274    15.125    
                         clock uncertainty           -0.035    15.090    
    SLICE_X58Y17         FDRE (Setup_fdre_C_R)       -0.429    14.661    c2/COUNT_reg[19]
  -------------------------------------------------------------------
                         required time                         14.661    
                         arrival time                          -8.202    
  -------------------------------------------------------------------
                         slack                                  6.459    

Slack (MET) :             6.597ns  (required time - arrival time)
  Source:                 c2/COUNT_reg[11]/C
                            (rising edge-triggered cell FDRE clocked by sys_clk_pin  {rise@0.000ns fall@5.000ns period=10.000ns})
  Destination:            c2/COUNT_reg[4]/R
                            (rising edge-triggered cell FDRE clocked by sys_clk_pin  {rise@0.000ns fall@5.000ns period=10.000ns})
  Path Group:             sys_clk_pin
  Path Type:              Setup (Max at Slow Process Corner)
  Requirement:            10.000ns  (sys_clk_pin rise@10.000ns - sys_clk_pin rise@0.000ns)
  Data Path Delay:        2.916ns  (logic 0.704ns (24.142%)  route 2.212ns (75.859%))
  Logic Levels:           2  (LUT5=1 LUT6=1)
  Clock Path Skew:        -0.023ns (DCD - SCD + CPR)
    Destination Clock Delay (DCD):    4.854ns = ( 14.854 - 10.000 ) 
    Source Clock Delay      (SCD):    5.151ns
    Clock Pessimism Removal (CPR):    0.274ns
  Clock Uncertainty:      0.035ns  ((TSJ^2 + TIJ^2)^1/2 + DJ) / 2 + PE
    Total System Jitter     (TSJ):    0.071ns
    Total Input Jitter      (TIJ):    0.000ns
    Discrete Jitter          (DJ):    0.000ns
    Phase Error              (PE):    0.000ns

    Location             Delay type                Incr(ns)  Path(ns)    Netlist Resource(s)
  -------------------------------------------------------------------    -------------------
                         (clock sys_clk_pin rise edge)
                                                      0.000     0.000 r  
    W5                                                0.000     0.000 r  clk (IN)
                         net (fo=0)                   0.000     0.000    clk
    W5                   IBUF (Prop_ibuf_I_O)         1.458     1.458 r  clk_IBUF_inst/O
                         net (fo=1, routed)           1.967     3.425    clk_IBUF
    BUFGCTRL_X0Y0        BUFG (Prop_bufg_I_O)         0.096     3.521 r  clk_IBUF_BUFG_inst/O
                         net (fo=39, routed)          1.630     5.151    c2/clk
    SLICE_X58Y15         FDRE                                         r  c2/COUNT_reg[11]/C
  -------------------------------------------------------------------    -------------------
    SLICE_X58Y15         FDRE (Prop_fdre_C_Q)         0.456     5.607 r  c2/COUNT_reg[11]/Q
                         net (fo=2, routed)           0.812     6.419    c2/COUNT_reg[11]
    SLICE_X59Y16         LUT5 (Prop_lut5_I3_O)        0.124     6.543 f  c2/clk_out_i_2/O
                         net (fo=1, routed)           0.797     7.341    c2/clk_out_i_2_n_0
    SLICE_X59Y15         LUT6 (Prop_lut6_I0_O)        0.124     7.465 r  c2/clk_out_i_1/O
                         net (fo=21, routed)          0.603     8.067    c2/clear
    SLICE_X58Y14         FDRE                                         r  c2/COUNT_reg[4]/R
  -------------------------------------------------------------------    -------------------

                         (clock sys_clk_pin rise edge)
                                                     10.000    10.000 r  
    W5                                                0.000    10.000 r  clk (IN)
                         net (fo=0)                   0.000    10.000    clk
    W5                   IBUF (Prop_ibuf_I_O)         1.388    11.388 r  clk_IBUF_inst/O
                         net (fo=1, routed)           1.862    13.250    clk_IBUF
    BUFGCTRL_X0Y0        BUFG (Prop_bufg_I_O)         0.091    13.341 r  clk_IBUF_BUFG_inst/O
                         net (fo=39, routed)          1.513    14.854    c2/clk
    SLICE_X58Y14         FDRE                                         r  c2/COUNT_reg[4]/C
                         clock pessimism              0.274    15.128    
                         clock uncertainty           -0.035    15.093    
    SLICE_X58Y14         FDRE (Setup_fdre_C_R)       -0.429    14.664    c2/COUNT_reg[4]
  -------------------------------------------------------------------
                         required time                         14.664    
                         arrival time                          -8.067    
  -------------------------------------------------------------------
                         slack                                  6.597    

Slack (MET) :             6.597ns  (required time - arrival time)
  Source:                 c2/COUNT_reg[11]/C
                            (rising edge-triggered cell FDRE clocked by sys_clk_pin  {rise@0.000ns fall@5.000ns period=10.000ns})
  Destination:            c2/COUNT_reg[5]/R
                            (rising edge-triggered cell FDRE clocked by sys_clk_pin  {rise@0.000ns fall@5.000ns period=10.000ns})
  Path Group:             sys_clk_pin
  Path Type:              Setup (Max at Slow Process Corner)
  Requirement:            10.000ns  (sys_clk_pin rise@10.000ns - sys_clk_pin rise@0.000ns)
  Data Path Delay:        2.916ns  (logic 0.704ns (24.142%)  route 2.212ns (75.859%))
  Logic Levels:           2  (LUT5=1 LUT6=1)
  Clock Path Skew:        -0.023ns (DCD - SCD + CPR)
    Destination Clock Delay (DCD):    4.854ns = ( 14.854 - 10.000 ) 
    Source Clock Delay      (SCD):    5.151ns
    Clock Pessimism Removal (CPR):    0.274ns
  Clock Uncertainty:      0.035ns  ((TSJ^2 + TIJ^2)^1/2 + DJ) / 2 + PE
    Total System Jitter     (TSJ):    0.071ns
    Total Input Jitter      (TIJ):    0.000ns
    Discrete Jitter          (DJ):    0.000ns
    Phase Error              (PE):    0.000ns

    Location             Delay type                Incr(ns)  Path(ns)    Netlist Resource(s)
  -------------------------------------------------------------------    -------------------
                         (clock sys_clk_pin rise edge)
                                                      0.000     0.000 r  
    W5                                                0.000     0.000 r  clk (IN)
                         net (fo=0)                   0.000     0.000    clk
    W5                   IBUF (Prop_ibuf_I_O)         1.458     1.458 r  clk_IBUF_inst/O
                         net (fo=1, routed)           1.967     3.425    clk_IBUF
    BUFGCTRL_X0Y0        BUFG (Prop_bufg_I_O)         0.096     3.521 r  clk_IBUF_BUFG_inst/O
                         net (fo=39, routed)          1.630     5.151    c2/clk
    SLICE_X58Y15         FDRE                                         r  c2/COUNT_reg[11]/C
  -------------------------------------------------------------------    -------------------
    SLICE_X58Y15         FDRE (Prop_fdre_C_Q)         0.456     5.607 r  c2/COUNT_reg[11]/Q
                         net (fo=2, routed)           0.812     6.419    c2/COUNT_reg[11]
    SLICE_X59Y16         LUT5 (Prop_lut5_I3_O)        0.124     6.543 f  c2/clk_out_i_2/O
                         net (fo=1, routed)           0.797     7.341    c2/clk_out_i_2_n_0
    SLICE_X59Y15         LUT6 (Prop_lut6_I0_O)        0.124     7.465 r  c2/clk_out_i_1/O
                         net (fo=21, routed)          0.603     8.067    c2/clear
    SLICE_X58Y14         FDRE                                         r  c2/COUNT_reg[5]/R
  -------------------------------------------------------------------    -------------------

                         (clock sys_clk_pin rise edge)
                                                     10.000    10.000 r  
    W5                                                0.000    10.000 r  clk (IN)
                         net (fo=0)                   0.000    10.000    clk
    W5                   IBUF (Prop_ibuf_I_O)         1.388    11.388 r  clk_IBUF_inst/O
                         net (fo=1, routed)           1.862    13.250    clk_IBUF
    BUFGCTRL_X0Y0        BUFG (Prop_bufg_I_O)         0.091    13.341 r  clk_IBUF_BUFG_inst/O
                         net (fo=39, routed)          1.513    14.854    c2/clk
    SLICE_X58Y14         FDRE                                         r  c2/COUNT_reg[5]/C
                         clock pessimism              0.274    15.128    
                         clock uncertainty           -0.035    15.093    
    SLICE_X58Y14         FDRE (Setup_fdre_C_R)       -0.429    14.664    c2/COUNT_reg[5]
  -------------------------------------------------------------------
                         required time                         14.664    
                         arrival time                          -8.067    
  -------------------------------------------------------------------
                         slack                                  6.597    

Slack (MET) :             6.597ns  (required time - arrival time)
  Source:                 c2/COUNT_reg[11]/C
                            (rising edge-triggered cell FDRE clocked by sys_clk_pin  {rise@0.000ns fall@5.000ns period=10.000ns})
  Destination:            c2/COUNT_reg[6]/R
                            (rising edge-triggered cell FDRE clocked by sys_clk_pin  {rise@0.000ns fall@5.000ns period=10.000ns})
  Path Group:             sys_clk_pin
  Path Type:              Setup (Max at Slow Process Corner)
  Requirement:            10.000ns  (sys_clk_pin rise@10.000ns - sys_clk_pin rise@0.000ns)
  Data Path Delay:        2.916ns  (logic 0.704ns (24.142%)  route 2.212ns (75.859%))
  Logic Levels:           2  (LUT5=1 LUT6=1)
  Clock Path Skew:        -0.023ns (DCD - SCD + CPR)
    Destination Clock Delay (DCD):    4.854ns = ( 14.854 - 10.000 ) 
    Source Clock Delay      (SCD):    5.151ns
    Clock Pessimism Removal (CPR):    0.274ns
  Clock Uncertainty:      0.035ns  ((TSJ^2 + TIJ^2)^1/2 + DJ) / 2 + PE
    Total System Jitter     (TSJ):    0.071ns
    Total Input Jitter      (TIJ):    0.000ns
    Discrete Jitter          (DJ):    0.000ns
    Phase Error              (PE):    0.000ns

    Location             Delay type                Incr(ns)  Path(ns)    Netlist Resource(s)
  -------------------------------------------------------------------    -------------------
                         (clock sys_clk_pin rise edge)
                                                      0.000     0.000 r  
    W5                                                0.000     0.000 r  clk (IN)
                         net (fo=0)                   0.000     0.000    clk
    W5                   IBUF (Prop_ibuf_I_O)         1.458     1.458 r  clk_IBUF_inst/O
                         net (fo=1, routed)           1.967     3.425    clk_IBUF
    BUFGCTRL_X0Y0        BUFG (Prop_bufg_I_O)         0.096     3.521 r  clk_IBUF_BUFG_inst/O
                         net (fo=39, routed)          1.630     5.151    c2/clk
    SLICE_X58Y15         FDRE                                         r  c2/COUNT_reg[11]/C
  -------------------------------------------------------------------    -------------------
    SLICE_X58Y15         FDRE (Prop_fdre_C_Q)         0.456     5.607 r  c2/COUNT_reg[11]/Q
                         net (fo=2, routed)           0.812     6.419    c2/COUNT_reg[11]
    SLICE_X59Y16         LUT5 (Prop_lut5_I3_O)        0.124     6.543 f  c2/clk_out_i_2/O
                         net (fo=1, routed)           0.797     7.341    c2/clk_out_i_2_n_0
    SLICE_X59Y15         LUT6 (Prop_lut6_I0_O)        0.124     7.465 r  c2/clk_out_i_1/O
                         net (fo=21, routed)          0.603     8.067    c2/clear
    SLICE_X58Y14         FDRE                                         r  c2/COUNT_reg[6]/R
  -------------------------------------------------------------------    -------------------

                         (clock sys_clk_pin rise edge)
                                                     10.000    10.000 r  
    W5                                                0.000    10.000 r  clk (IN)
                         net (fo=0)                   0.000    10.000    clk
    W5                   IBUF (Prop_ibuf_I_O)         1.388    11.388 r  clk_IBUF_inst/O
                         net (fo=1, routed)           1.862    13.250    clk_IBUF
    BUFGCTRL_X0Y0        BUFG (Prop_bufg_I_O)         0.091    13.341 r  clk_IBUF_BUFG_inst/O
                         net (fo=39, routed)          1.513    14.854    c2/clk
    SLICE_X58Y14         FDRE                                         r  c2/COUNT_reg[6]/C
                         clock pessimism              0.274    15.128    
                         clock uncertainty           -0.035    15.093    
    SLICE_X58Y14         FDRE (Setup_fdre_C_R)       -0.429    14.664    c2/COUNT_reg[6]
  -------------------------------------------------------------------
                         required time                         14.664    
                         arrival time                          -8.067    
  -------------------------------------------------------------------
                         slack                                  6.597    

Slack (MET) :             6.597ns  (required time - arrival time)
  Source:                 c2/COUNT_reg[11]/C
                            (rising edge-triggered cell FDRE clocked by sys_clk_pin  {rise@0.000ns fall@5.000ns period=10.000ns})
  Destination:            c2/COUNT_reg[7]/R
                            (rising edge-triggered cell FDRE clocked by sys_clk_pin  {rise@0.000ns fall@5.000ns period=10.000ns})
  Path Group:             sys_clk_pin
  Path Type:              Setup (Max at Slow Process Corner)
  Requirement:            10.000ns  (sys_clk_pin rise@10.000ns - sys_clk_pin rise@0.000ns)
  Data Path Delay:        2.916ns  (logic 0.704ns (24.142%)  route 2.212ns (75.859%))
  Logic Levels:           2  (LUT5=1 LUT6=1)
  Clock Path Skew:        -0.023ns (DCD - SCD + CPR)
    Destination Clock Delay (DCD):    4.854ns = ( 14.854 - 10.000 ) 
    Source Clock Delay      (SCD):    5.151ns
    Clock Pessimism Removal (CPR):    0.274ns
  Clock Uncertainty:      0.035ns  ((TSJ^2 + TIJ^2)^1/2 + DJ) / 2 + PE
    Total System Jitter     (TSJ):    0.071ns
    Total Input Jitter      (TIJ):    0.000ns
    Discrete Jitter          (DJ):    0.000ns
    Phase Error              (PE):    0.000ns

    Location             Delay type                Incr(ns)  Path(ns)    Netlist Resource(s)
  -------------------------------------------------------------------    -------------------
                         (clock sys_clk_pin rise edge)
                                                      0.000     0.000 r  
    W5                                                0.000     0.000 r  clk (IN)
                         net (fo=0)                   0.000     0.000    clk
    W5                   IBUF (Prop_ibuf_I_O)         1.458     1.458 r  clk_IBUF_inst/O
                         net (fo=1, routed)           1.967     3.425    clk_IBUF
    BUFGCTRL_X0Y0        BUFG (Prop_bufg_I_O)         0.096     3.521 r  clk_IBUF_BUFG_inst/O
                         net (fo=39, routed)          1.630     5.151    c2/clk
    SLICE_X58Y15         FDRE                                         r  c2/COUNT_reg[11]/C
  -------------------------------------------------------------------    -------------------
    SLICE_X58Y15         FDRE (Prop_fdre_C_Q)         0.456     5.607 r  c2/COUNT_reg[11]/Q
                         net (fo=2, routed)           0.812     6.419    c2/COUNT_reg[11]
    SLICE_X59Y16         LUT5 (Prop_lut5_I3_O)        0.124     6.543 f  c2/clk_out_i_2/O
                         net (fo=1, routed)           0.797     7.341    c2/clk_out_i_2_n_0
    SLICE_X59Y15         LUT6 (Prop_lut6_I0_O)        0.124     7.465 r  c2/clk_out_i_1/O
                         net (fo=21, routed)          0.603     8.067    c2/clear
    SLICE_X58Y14         FDRE                                         r  c2/COUNT_reg[7]/R
  -------------------------------------------------------------------    -------------------

                         (clock sys_clk_pin rise edge)
                                                     10.000    10.000 r  
    W5                                                0.000    10.000 r  clk (IN)
                         net (fo=0)                   0.000    10.000    clk
    W5                   IBUF (Prop_ibuf_I_O)         1.388    11.388 r  clk_IBUF_inst/O
                         net (fo=1, routed)           1.862    13.250    clk_IBUF
    BUFGCTRL_X0Y0        BUFG (Prop_bufg_I_O)         0.091    13.341 r  clk_IBUF_BUFG_inst/O
                         net (fo=39, routed)          1.513    14.854    c2/clk
    SLICE_X58Y14         FDRE                                         r  c2/COUNT_reg[7]/C
                         clock pessimism              0.274    15.128    
                         clock uncertainty           -0.035    15.093    
    SLICE_X58Y14         FDRE (Setup_fdre_C_R)       -0.429    14.664    c2/COUNT_reg[7]
  -------------------------------------------------------------------
                         required time                         14.664    
                         arrival time                          -8.067    
  -------------------------------------------------------------------
                         slack                                  6.597    

Slack (MET) :             6.598ns  (required time - arrival time)
  Source:                 c2/COUNT_reg[11]/C
                            (rising edge-triggered cell FDRE clocked by sys_clk_pin  {rise@0.000ns fall@5.000ns period=10.000ns})
  Destination:            c2/COUNT_reg[12]/R
                            (rising edge-triggered cell FDRE clocked by sys_clk_pin  {rise@0.000ns fall@5.000ns period=10.000ns})
  Path Group:             sys_clk_pin
  Path Type:              Setup (Max at Slow Process Corner)
  Requirement:            10.000ns  (sys_clk_pin rise@10.000ns - sys_clk_pin rise@0.000ns)
  Data Path Delay:        2.912ns  (logic 0.704ns (24.172%)  route 2.208ns (75.828%))
  Logic Levels:           2  (LUT5=1 LUT6=1)
  Clock Path Skew:        -0.025ns (DCD - SCD + CPR)
    Destination Clock Delay (DCD):    4.852ns = ( 14.852 - 10.000 ) 
    Source Clock Delay      (SCD):    5.151ns
    Clock Pessimism Removal (CPR):    0.274ns
  Clock Uncertainty:      0.035ns  ((TSJ^2 + TIJ^2)^1/2 + DJ) / 2 + PE
    Total System Jitter     (TSJ):    0.071ns
    Total Input Jitter      (TIJ):    0.000ns
    Discrete Jitter          (DJ):    0.000ns
    Phase Error              (PE):    0.000ns

    Location             Delay type                Incr(ns)  Path(ns)    Netlist Resource(s)
  -------------------------------------------------------------------    -------------------
                         (clock sys_clk_pin rise edge)
                                                      0.000     0.000 r  
    W5                                                0.000     0.000 r  clk (IN)
                         net (fo=0)                   0.000     0.000    clk
    W5                   IBUF (Prop_ibuf_I_O)         1.458     1.458 r  clk_IBUF_inst/O
                         net (fo=1, routed)           1.967     3.425    clk_IBUF
    BUFGCTRL_X0Y0        BUFG (Prop_bufg_I_O)         0.096     3.521 r  clk_IBUF_BUFG_inst/O
                         net (fo=39, routed)          1.630     5.151    c2/clk
    SLICE_X58Y15         FDRE                                         r  c2/COUNT_reg[11]/C
  -------------------------------------------------------------------    -------------------
    SLICE_X58Y15         FDRE (Prop_fdre_C_Q)         0.456     5.607 r  c2/COUNT_reg[11]/Q
                         net (fo=2, routed)           0.812     6.419    c2/COUNT_reg[11]
    SLICE_X59Y16         LUT5 (Prop_lut5_I3_O)        0.124     6.543 f  c2/clk_out_i_2/O
                         net (fo=1, routed)           0.797     7.341    c2/clk_out_i_2_n_0
    SLICE_X59Y15         LUT6 (Prop_lut6_I0_O)        0.124     7.465 r  c2/clk_out_i_1/O
                         net (fo=21, routed)          0.599     8.064    c2/clear
    SLICE_X58Y16         FDRE                                         r  c2/COUNT_reg[12]/R
  -------------------------------------------------------------------    -------------------

                         (clock sys_clk_pin rise edge)
                                                     10.000    10.000 r  
    W5                                                0.000    10.000 r  clk (IN)
                         net (fo=0)                   0.000    10.000    clk
    W5                   IBUF (Prop_ibuf_I_O)         1.388    11.388 r  clk_IBUF_inst/O
                         net (fo=1, routed)           1.862    13.250    clk_IBUF
    BUFGCTRL_X0Y0        BUFG (Prop_bufg_I_O)         0.091    13.341 r  clk_IBUF_BUFG_inst/O
                         net (fo=39, routed)          1.511    14.852    c2/clk
    SLICE_X58Y16         FDRE                                         r  c2/COUNT_reg[12]/C
                         clock pessimism              0.274    15.126    
                         clock uncertainty           -0.035    15.091    
    SLICE_X58Y16         FDRE (Setup_fdre_C_R)       -0.429    14.662    c2/COUNT_reg[12]
  -------------------------------------------------------------------
                         required time                         14.662    
                         arrival time                          -8.064    
  -------------------------------------------------------------------
                         slack                                  6.598    

Slack (MET) :             6.598ns  (required time - arrival time)
  Source:                 c2/COUNT_reg[11]/C
                            (rising edge-triggered cell FDRE clocked by sys_clk_pin  {rise@0.000ns fall@5.000ns period=10.000ns})
  Destination:            c2/COUNT_reg[13]/R
                            (rising edge-triggered cell FDRE clocked by sys_clk_pin  {rise@0.000ns fall@5.000ns period=10.000ns})
  Path Group:             sys_clk_pin
  Path Type:              Setup (Max at Slow Process Corner)
  Requirement:            10.000ns  (sys_clk_pin rise@10.000ns - sys_clk_pin rise@0.000ns)
  Data Path Delay:        2.912ns  (logic 0.704ns (24.172%)  route 2.208ns (75.828%))
  Logic Levels:           2  (LUT5=1 LUT6=1)
  Clock Path Skew:        -0.025ns (DCD - SCD + CPR)
    Destination Clock Delay (DCD):    4.852ns = ( 14.852 - 10.000 ) 
    Source Clock Delay      (SCD):    5.151ns
    Clock Pessimism Removal (CPR):    0.274ns
  Clock Uncertainty:      0.035ns  ((TSJ^2 + TIJ^2)^1/2 + DJ) / 2 + PE
    Total System Jitter     (TSJ):    0.071ns
    Total Input Jitter      (TIJ):    0.000ns
    Discrete Jitter          (DJ):    0.000ns
    Phase Error              (PE):    0.000ns

    Location             Delay type                Incr(ns)  Path(ns)    Netlist Resource(s)
  -------------------------------------------------------------------    -------------------
                         (clock sys_clk_pin rise edge)
                                                      0.000     0.000 r  
    W5                                                0.000     0.000 r  clk (IN)
                         net (fo=0)                   0.000     0.000    clk
    W5                   IBUF (Prop_ibuf_I_O)         1.458     1.458 r  clk_IBUF_inst/O
                         net (fo=1, routed)           1.967     3.425    clk_IBUF
    BUFGCTRL_X0Y0        BUFG (Prop_bufg_I_O)         0.096     3.521 r  clk_IBUF_BUFG_inst/O
                         net (fo=39, routed)          1.630     5.151    c2/clk
    SLICE_X58Y15         FDRE                                         r  c2/COUNT_reg[11]/C
  -------------------------------------------------------------------    -------------------
    SLICE_X58Y15         FDRE (Prop_fdre_C_Q)         0.456     5.607 r  c2/COUNT_reg[11]/Q
                         net (fo=2, routed)           0.812     6.419    c2/COUNT_reg[11]
    SLICE_X59Y16         LUT5 (Prop_lut5_I3_O)        0.124     6.543 f  c2/clk_out_i_2/O
                         net (fo=1, routed)           0.797     7.341    c2/clk_out_i_2_n_0
    SLICE_X59Y15         LUT6 (Prop_lut6_I0_O)        0.124     7.465 r  c2/clk_out_i_1/O
                         net (fo=21, routed)          0.599     8.064    c2/clear
    SLICE_X58Y16         FDRE                                         r  c2/COUNT_reg[13]/R
  -------------------------------------------------------------------    -------------------

                         (clock sys_clk_pin rise edge)
                                                     10.000    10.000 r  
    W5                                                0.000    10.000 r  clk (IN)
                         net (fo=0)                   0.000    10.000    clk
    W5                   IBUF (Prop_ibuf_I_O)         1.388    11.388 r  clk_IBUF_inst/O
                         net (fo=1, routed)           1.862    13.250    clk_IBUF
    BUFGCTRL_X0Y0        BUFG (Prop_bufg_I_O)         0.091    13.341 r  clk_IBUF_BUFG_inst/O
                         net (fo=39, routed)          1.511    14.852    c2/clk
    SLICE_X58Y16         FDRE                                         r  c2/COUNT_reg[13]/C
                         clock pessimism              0.274    15.126    
                         clock uncertainty           -0.035    15.091    
    SLICE_X58Y16         FDRE (Setup_fdre_C_R)       -0.429    14.662    c2/COUNT_reg[13]
  -------------------------------------------------------------------
                         required time                         14.662    
                         arrival time                          -8.064    
  -------------------------------------------------------------------
                         slack                                  6.598    





Min Delay Paths
--------------------------------------------------------------------------------------
Slack (MET) :             0.252ns  (arrival time - required time)
  Source:                 c8/COUNT_reg[7]/C
                            (rising edge-triggered cell FDRE clocked by sys_clk_pin  {rise@0.000ns fall@5.000ns period=10.000ns})
  Destination:            c8/COUNT_reg[7]/D
                            (rising edge-triggered cell FDRE clocked by sys_clk_pin  {rise@0.000ns fall@5.000ns period=10.000ns})
  Path Group:             sys_clk_pin
  Path Type:              Hold (Min at Fast Process Corner)
  Requirement:            0.000ns  (sys_clk_pin rise@0.000ns - sys_clk_pin rise@0.000ns)
  Data Path Delay:        0.357ns  (logic 0.249ns (69.714%)  route 0.108ns (30.286%))
  Logic Levels:           1  (CARRY4=1)
  Clock Path Skew:        0.000ns (DCD - SCD - CPR)
    Destination Clock Delay (DCD):    1.989ns
    Source Clock Delay      (SCD):    1.475ns
    Clock Pessimism Removal (CPR):    0.514ns

    Location             Delay type                Incr(ns)  Path(ns)    Netlist Resource(s)
  -------------------------------------------------------------------    -------------------
                         (clock sys_clk_pin rise edge)
                                                      0.000     0.000 r  
    W5                                                0.000     0.000 r  clk (IN)
                         net (fo=0)                   0.000     0.000    clk
    W5                   IBUF (Prop_ibuf_I_O)         0.226     0.226 r  clk_IBUF_inst/O
                         net (fo=1, routed)           0.631     0.858    clk_IBUF
    BUFGCTRL_X0Y0        BUFG (Prop_bufg_I_O)         0.026     0.884 r  clk_IBUF_BUFG_inst/O
                         net (fo=39, routed)          0.592     1.475    c8/clk
    SLICE_X65Y12         FDRE                                         r  c8/COUNT_reg[7]/C
  -------------------------------------------------------------------    -------------------
    SLICE_X65Y12         FDRE (Prop_fdre_C_Q)         0.141     1.616 r  c8/COUNT_reg[7]/Q
                         net (fo=1, routed)           0.108     1.724    c8/COUNT_reg_n_0_[7]
    SLICE_X65Y12         CARRY4 (Prop_carry4_S[3]_O[3])
                                                      0.108     1.832 r  c8/COUNT_reg[4]_i_1__0/O[3]
                         net (fo=1, routed)           0.000     1.832    c8/COUNT_reg[4]_i_1__0_n_4
    SLICE_X65Y12         FDRE                                         r  c8/COUNT_reg[7]/D
  -------------------------------------------------------------------    -------------------

                         (clock sys_clk_pin rise edge)
                                                      0.000     0.000 r  
    W5                                                0.000     0.000 r  clk (IN)
                         net (fo=0)                   0.000     0.000    clk
    W5                   IBUF (Prop_ibuf_I_O)         0.414     0.414 r  clk_IBUF_inst/O
                         net (fo=1, routed)           0.685     1.099    clk_IBUF
    BUFGCTRL_X0Y0        BUFG (Prop_bufg_I_O)         0.029     1.128 r  clk_IBUF_BUFG_inst/O
                         net (fo=39, routed)          0.862     1.989    c8/clk
    SLICE_X65Y12         FDRE                                         r  c8/COUNT_reg[7]/C
                         clock pessimism             -0.514     1.475    
    SLICE_X65Y12         FDRE (Hold_fdre_C_D)         0.105     1.580    c8/COUNT_reg[7]
  -------------------------------------------------------------------
                         required time                         -1.580    
                         arrival time                           1.832    
  -------------------------------------------------------------------
                         slack                                  0.252    

Slack (MET) :             0.252ns  (arrival time - required time)
  Source:                 c8/COUNT_reg[11]/C
                            (rising edge-triggered cell FDRE clocked by sys_clk_pin  {rise@0.000ns fall@5.000ns period=10.000ns})
  Destination:            c8/COUNT_reg[11]/D
                            (rising edge-triggered cell FDRE clocked by sys_clk_pin  {rise@0.000ns fall@5.000ns period=10.000ns})
  Path Group:             sys_clk_pin
  Path Type:              Hold (Min at Fast Process Corner)
  Requirement:            0.000ns  (sys_clk_pin rise@0.000ns - sys_clk_pin rise@0.000ns)
  Data Path Delay:        0.357ns  (logic 0.249ns (69.714%)  route 0.108ns (30.286%))
  Logic Levels:           1  (CARRY4=1)
  Clock Path Skew:        0.000ns (DCD - SCD - CPR)
    Destination Clock Delay (DCD):    1.988ns
    Source Clock Delay      (SCD):    1.474ns
    Clock Pessimism Removal (CPR):    0.514ns

    Location             Delay type                Incr(ns)  Path(ns)    Netlist Resource(s)
  -------------------------------------------------------------------    -------------------
                         (clock sys_clk_pin rise edge)
                                                      0.000     0.000 r  
    W5                                                0.000     0.000 r  clk (IN)
                         net (fo=0)                   0.000     0.000    clk
    W5                   IBUF (Prop_ibuf_I_O)         0.226     0.226 r  clk_IBUF_inst/O
                         net (fo=1, routed)           0.631     0.858    clk_IBUF
    BUFGCTRL_X0Y0        BUFG (Prop_bufg_I_O)         0.026     0.884 r  clk_IBUF_BUFG_inst/O
                         net (fo=39, routed)          0.591     1.474    c8/clk
    SLICE_X65Y13         FDRE                                         r  c8/COUNT_reg[11]/C
  -------------------------------------------------------------------    -------------------
    SLICE_X65Y13         FDRE (Prop_fdre_C_Q)         0.141     1.615 r  c8/COUNT_reg[11]/Q
                         net (fo=1, routed)           0.108     1.723    c8/COUNT_reg_n_0_[11]
    SLICE_X65Y13         CARRY4 (Prop_carry4_S[3]_O[3])
                                                      0.108     1.831 r  c8/COUNT_reg[8]_i_1__0/O[3]
                         net (fo=1, routed)           0.000     1.831    c8/COUNT_reg[8]_i_1__0_n_4
    SLICE_X65Y13         FDRE                                         r  c8/COUNT_reg[11]/D
  -------------------------------------------------------------------    -------------------

                         (clock sys_clk_pin rise edge)
                                                      0.000     0.000 r  
    W5                                                0.000     0.000 r  clk (IN)
                         net (fo=0)                   0.000     0.000    clk
    W5                   IBUF (Prop_ibuf_I_O)         0.414     0.414 r  clk_IBUF_inst/O
                         net (fo=1, routed)           0.685     1.099    clk_IBUF
    BUFGCTRL_X0Y0        BUFG (Prop_bufg_I_O)         0.029     1.128 r  clk_IBUF_BUFG_inst/O
                         net (fo=39, routed)          0.861     1.988    c8/clk
    SLICE_X65Y13         FDRE                                         r  c8/COUNT_reg[11]/C
                         clock pessimism             -0.514     1.474    
    SLICE_X65Y13         FDRE (Hold_fdre_C_D)         0.105     1.579    c8/COUNT_reg[11]
  -------------------------------------------------------------------
                         required time                         -1.579    
                         arrival time                           1.831    
  -------------------------------------------------------------------
                         slack                                  0.252    

Slack (MET) :             0.252ns  (arrival time - required time)
  Source:                 c8/COUNT_reg[3]/C
                            (rising edge-triggered cell FDRE clocked by sys_clk_pin  {rise@0.000ns fall@5.000ns period=10.000ns})
  Destination:            c8/COUNT_reg[3]/D
                            (rising edge-triggered cell FDRE clocked by sys_clk_pin  {rise@0.000ns fall@5.000ns period=10.000ns})
  Path Group:             sys_clk_pin
  Path Type:              Hold (Min at Fast Process Corner)
  Requirement:            0.000ns  (sys_clk_pin rise@0.000ns - sys_clk_pin rise@0.000ns)
  Data Path Delay:        0.357ns  (logic 0.249ns (69.714%)  route 0.108ns (30.286%))
  Logic Levels:           1  (CARRY4=1)
  Clock Path Skew:        0.000ns (DCD - SCD - CPR)
    Destination Clock Delay (DCD):    1.991ns
    Source Clock Delay      (SCD):    1.476ns
    Clock Pessimism Removal (CPR):    0.515ns

    Location             Delay type                Incr(ns)  Path(ns)    Netlist Resource(s)
  -------------------------------------------------------------------    -------------------
                         (clock sys_clk_pin rise edge)
                                                      0.000     0.000 r  
    W5                                                0.000     0.000 r  clk (IN)
                         net (fo=0)                   0.000     0.000    clk
    W5                   IBUF (Prop_ibuf_I_O)         0.226     0.226 r  clk_IBUF_inst/O
                         net (fo=1, routed)           0.631     0.858    clk_IBUF
    BUFGCTRL_X0Y0        BUFG (Prop_bufg_I_O)         0.026     0.884 r  clk_IBUF_BUFG_inst/O
                         net (fo=39, routed)          0.593     1.476    c8/clk
    SLICE_X65Y11         FDRE                                         r  c8/COUNT_reg[3]/C
  -------------------------------------------------------------------    -------------------
    SLICE_X65Y11         FDRE (Prop_fdre_C_Q)         0.141     1.617 r  c8/COUNT_reg[3]/Q
                         net (fo=1, routed)           0.108     1.725    c8/COUNT_reg_n_0_[3]
    SLICE_X65Y11         CARRY4 (Prop_carry4_S[3]_O[3])
                                                      0.108     1.833 r  c8/COUNT_reg[0]_i_1__0/O[3]
                         net (fo=1, routed)           0.000     1.833    c8/COUNT_reg[0]_i_1__0_n_4
    SLICE_X65Y11         FDRE                                         r  c8/COUNT_reg[3]/D
  -------------------------------------------------------------------    -------------------

                         (clock sys_clk_pin rise edge)
                                                      0.000     0.000 r  
    W5                                                0.000     0.000 r  clk (IN)
                         net (fo=0)                   0.000     0.000    clk
    W5                   IBUF (Prop_ibuf_I_O)         0.414     0.414 r  clk_IBUF_inst/O
                         net (fo=1, routed)           0.685     1.099    clk_IBUF
    BUFGCTRL_X0Y0        BUFG (Prop_bufg_I_O)         0.029     1.128 r  clk_IBUF_BUFG_inst/O
                         net (fo=39, routed)          0.864     1.991    c8/clk
    SLICE_X65Y11         FDRE                                         r  c8/COUNT_reg[3]/C
                         clock pessimism             -0.515     1.476    
    SLICE_X65Y11         FDRE (Hold_fdre_C_D)         0.105     1.581    c8/COUNT_reg[3]
  -------------------------------------------------------------------
                         required time                         -1.581    
                         arrival time                           1.833    
  -------------------------------------------------------------------
                         slack                                  0.252    

Slack (MET) :             0.256ns  (arrival time - required time)
  Source:                 c8/COUNT_reg[4]/C
                            (rising edge-triggered cell FDRE clocked by sys_clk_pin  {rise@0.000ns fall@5.000ns period=10.000ns})
  Destination:            c8/COUNT_reg[4]/D
                            (rising edge-triggered cell FDRE clocked by sys_clk_pin  {rise@0.000ns fall@5.000ns period=10.000ns})
  Path Group:             sys_clk_pin
  Path Type:              Hold (Min at Fast Process Corner)
  Requirement:            0.000ns  (sys_clk_pin rise@0.000ns - sys_clk_pin rise@0.000ns)
  Data Path Delay:        0.361ns  (logic 0.256ns (70.880%)  route 0.105ns (29.120%))
  Logic Levels:           1  (CARRY4=1)
  Clock Path Skew:        0.000ns (DCD - SCD - CPR)
    Destination Clock Delay (DCD):    1.989ns
    Source Clock Delay      (SCD):    1.475ns
    Clock Pessimism Removal (CPR):    0.514ns

    Location             Delay type                Incr(ns)  Path(ns)    Netlist Resource(s)
  -------------------------------------------------------------------    -------------------
                         (clock sys_clk_pin rise edge)
                                                      0.000     0.000 r  
    W5                                                0.000     0.000 r  clk (IN)
                         net (fo=0)                   0.000     0.000    clk
    W5                   IBUF (Prop_ibuf_I_O)         0.226     0.226 r  clk_IBUF_inst/O
                         net (fo=1, routed)           0.631     0.858    clk_IBUF
    BUFGCTRL_X0Y0        BUFG (Prop_bufg_I_O)         0.026     0.884 r  clk_IBUF_BUFG_inst/O
                         net (fo=39, routed)          0.592     1.475    c8/clk
    SLICE_X65Y12         FDRE                                         r  c8/COUNT_reg[4]/C
  -------------------------------------------------------------------    -------------------
    SLICE_X65Y12         FDRE (Prop_fdre_C_Q)         0.141     1.616 r  c8/COUNT_reg[4]/Q
                         net (fo=1, routed)           0.105     1.721    c8/COUNT_reg_n_0_[4]
    SLICE_X65Y12         CARRY4 (Prop_carry4_S[0]_O[0])
                                                      0.115     1.836 r  c8/COUNT_reg[4]_i_1__0/O[0]
                         net (fo=1, routed)           0.000     1.836    c8/COUNT_reg[4]_i_1__0_n_7
    SLICE_X65Y12         FDRE                                         r  c8/COUNT_reg[4]/D
  -------------------------------------------------------------------    -------------------

                         (clock sys_clk_pin rise edge)
                                                      0.000     0.000 r  
    W5                                                0.000     0.000 r  clk (IN)
                         net (fo=0)                   0.000     0.000    clk
    W5                   IBUF (Prop_ibuf_I_O)         0.414     0.414 r  clk_IBUF_inst/O
                         net (fo=1, routed)           0.685     1.099    clk_IBUF
    BUFGCTRL_X0Y0        BUFG (Prop_bufg_I_O)         0.029     1.128 r  clk_IBUF_BUFG_inst/O
                         net (fo=39, routed)          0.862     1.989    c8/clk
    SLICE_X65Y12         FDRE                                         r  c8/COUNT_reg[4]/C
                         clock pessimism             -0.514     1.475    
    SLICE_X65Y12         FDRE (Hold_fdre_C_D)         0.105     1.580    c8/COUNT_reg[4]
  -------------------------------------------------------------------
                         required time                         -1.580    
                         arrival time                           1.836    
  -------------------------------------------------------------------
                         slack                                  0.256    

Slack (MET) :             0.256ns  (arrival time - required time)
  Source:                 c8/COUNT_reg[12]/C
                            (rising edge-triggered cell FDRE clocked by sys_clk_pin  {rise@0.000ns fall@5.000ns period=10.000ns})
  Destination:            c8/COUNT_reg[12]/D
                            (rising edge-triggered cell FDRE clocked by sys_clk_pin  {rise@0.000ns fall@5.000ns period=10.000ns})
  Path Group:             sys_clk_pin
  Path Type:              Hold (Min at Fast Process Corner)
  Requirement:            0.000ns  (sys_clk_pin rise@0.000ns - sys_clk_pin rise@0.000ns)
  Data Path Delay:        0.361ns  (logic 0.256ns (70.880%)  route 0.105ns (29.120%))
  Logic Levels:           1  (CARRY4=1)
  Clock Path Skew:        0.000ns (DCD - SCD - CPR)
    Destination Clock Delay (DCD):    1.988ns
    Source Clock Delay      (SCD):    1.474ns
    Clock Pessimism Removal (CPR):    0.514ns

    Location             Delay type                Incr(ns)  Path(ns)    Netlist Resource(s)
  -------------------------------------------------------------------    -------------------
                         (clock sys_clk_pin rise edge)
                                                      0.000     0.000 r  
    W5                                                0.000     0.000 r  clk (IN)
                         net (fo=0)                   0.000     0.000    clk
    W5                   IBUF (Prop_ibuf_I_O)         0.226     0.226 r  clk_IBUF_inst/O
                         net (fo=1, routed)           0.631     0.858    clk_IBUF
    BUFGCTRL_X0Y0        BUFG (Prop_bufg_I_O)         0.026     0.884 r  clk_IBUF_BUFG_inst/O
                         net (fo=39, routed)          0.591     1.474    c8/clk
    SLICE_X65Y14         FDRE                                         r  c8/COUNT_reg[12]/C
  -------------------------------------------------------------------    -------------------
    SLICE_X65Y14         FDRE (Prop_fdre_C_Q)         0.141     1.615 r  c8/COUNT_reg[12]/Q
                         net (fo=1, routed)           0.105     1.720    c8/COUNT_reg_n_0_[12]
    SLICE_X65Y14         CARRY4 (Prop_carry4_S[0]_O[0])
                                                      0.115     1.835 r  c8/COUNT_reg[12]_i_1__0/O[0]
                         net (fo=1, routed)           0.000     1.835    c8/COUNT_reg[12]_i_1__0_n_7
    SLICE_X65Y14         FDRE                                         r  c8/COUNT_reg[12]/D
  -------------------------------------------------------------------    -------------------

                         (clock sys_clk_pin rise edge)
                                                      0.000     0.000 r  
    W5                                                0.000     0.000 r  clk (IN)
                         net (fo=0)                   0.000     0.000    clk
    W5                   IBUF (Prop_ibuf_I_O)         0.414     0.414 r  clk_IBUF_inst/O
                         net (fo=1, routed)           0.685     1.099    clk_IBUF
    BUFGCTRL_X0Y0        BUFG (Prop_bufg_I_O)         0.029     1.128 r  clk_IBUF_BUFG_inst/O
                         net (fo=39, routed)          0.861     1.988    c8/clk
    SLICE_X65Y14         FDRE                                         r  c8/COUNT_reg[12]/C
                         clock pessimism             -0.514     1.474    
    SLICE_X65Y14         FDRE (Hold_fdre_C_D)         0.105     1.579    c8/COUNT_reg[12]
  -------------------------------------------------------------------
                         required time                         -1.579    
                         arrival time                           1.835    
  -------------------------------------------------------------------
                         slack                                  0.256    

Slack (MET) :             0.256ns  (arrival time - required time)
  Source:                 c8/COUNT_reg[8]/C
                            (rising edge-triggered cell FDRE clocked by sys_clk_pin  {rise@0.000ns fall@5.000ns period=10.000ns})
  Destination:            c8/COUNT_reg[8]/D
                            (rising edge-triggered cell FDRE clocked by sys_clk_pin  {rise@0.000ns fall@5.000ns period=10.000ns})
  Path Group:             sys_clk_pin
  Path Type:              Hold (Min at Fast Process Corner)
  Requirement:            0.000ns  (sys_clk_pin rise@0.000ns - sys_clk_pin rise@0.000ns)
  Data Path Delay:        0.361ns  (logic 0.256ns (70.880%)  route 0.105ns (29.120%))
  Logic Levels:           1  (CARRY4=1)
  Clock Path Skew:        0.000ns (DCD - SCD - CPR)
    Destination Clock Delay (DCD):    1.988ns
    Source Clock Delay      (SCD):    1.474ns
    Clock Pessimism Removal (CPR):    0.514ns

    Location             Delay type                Incr(ns)  Path(ns)    Netlist Resource(s)
  -------------------------------------------------------------------    -------------------
                         (clock sys_clk_pin rise edge)
                                                      0.000     0.000 r  
    W5                                                0.000     0.000 r  clk (IN)
                         net (fo=0)                   0.000     0.000    clk
    W5                   IBUF (Prop_ibuf_I_O)         0.226     0.226 r  clk_IBUF_inst/O
                         net (fo=1, routed)           0.631     0.858    clk_IBUF
    BUFGCTRL_X0Y0        BUFG (Prop_bufg_I_O)         0.026     0.884 r  clk_IBUF_BUFG_inst/O
                         net (fo=39, routed)          0.591     1.474    c8/clk
    SLICE_X65Y13         FDRE                                         r  c8/COUNT_reg[8]/C
  -------------------------------------------------------------------    -------------------
    SLICE_X65Y13         FDRE (Prop_fdre_C_Q)         0.141     1.615 r  c8/COUNT_reg[8]/Q
                         net (fo=1, routed)           0.105     1.720    c8/COUNT_reg_n_0_[8]
    SLICE_X65Y13         CARRY4 (Prop_carry4_S[0]_O[0])
                                                      0.115     1.835 r  c8/COUNT_reg[8]_i_1__0/O[0]
                         net (fo=1, routed)           0.000     1.835    c8/COUNT_reg[8]_i_1__0_n_7
    SLICE_X65Y13         FDRE                                         r  c8/COUNT_reg[8]/D
  -------------------------------------------------------------------    -------------------

                         (clock sys_clk_pin rise edge)
                                                      0.000     0.000 r  
    W5                                                0.000     0.000 r  clk (IN)
                         net (fo=0)                   0.000     0.000    clk
    W5                   IBUF (Prop_ibuf_I_O)         0.414     0.414 r  clk_IBUF_inst/O
                         net (fo=1, routed)           0.685     1.099    clk_IBUF
    BUFGCTRL_X0Y0        BUFG (Prop_bufg_I_O)         0.029     1.128 r  clk_IBUF_BUFG_inst/O
                         net (fo=39, routed)          0.861     1.988    c8/clk
    SLICE_X65Y13         FDRE                                         r  c8/COUNT_reg[8]/C
                         clock pessimism             -0.514     1.474    
    SLICE_X65Y13         FDRE (Hold_fdre_C_D)         0.105     1.579    c8/COUNT_reg[8]
  -------------------------------------------------------------------
                         required time                         -1.579    
                         arrival time                           1.835    
  -------------------------------------------------------------------
                         slack                                  0.256    

Slack (MET) :             0.256ns  (arrival time - required time)
  Source:                 c8/COUNT_reg[6]/C
                            (rising edge-triggered cell FDRE clocked by sys_clk_pin  {rise@0.000ns fall@5.000ns period=10.000ns})
  Destination:            c8/COUNT_reg[6]/D
                            (rising edge-triggered cell FDRE clocked by sys_clk_pin  {rise@0.000ns fall@5.000ns period=10.000ns})
  Path Group:             sys_clk_pin
  Path Type:              Hold (Min at Fast Process Corner)
  Requirement:            0.000ns  (sys_clk_pin rise@0.000ns - sys_clk_pin rise@0.000ns)
  Data Path Delay:        0.361ns  (logic 0.252ns (69.733%)  route 0.109ns (30.267%))
  Logic Levels:           1  (CARRY4=1)
  Clock Path Skew:        0.000ns (DCD - SCD - CPR)
    Destination Clock Delay (DCD):    1.989ns
    Source Clock Delay      (SCD):    1.475ns
    Clock Pessimism Removal (CPR):    0.514ns

    Location             Delay type                Incr(ns)  Path(ns)    Netlist Resource(s)
  -------------------------------------------------------------------    -------------------
                         (clock sys_clk_pin rise edge)
                                                      0.000     0.000 r  
    W5                                                0.000     0.000 r  clk (IN)
                         net (fo=0)                   0.000     0.000    clk
    W5                   IBUF (Prop_ibuf_I_O)         0.226     0.226 r  clk_IBUF_inst/O
                         net (fo=1, routed)           0.631     0.858    clk_IBUF
    BUFGCTRL_X0Y0        BUFG (Prop_bufg_I_O)         0.026     0.884 r  clk_IBUF_BUFG_inst/O
                         net (fo=39, routed)          0.592     1.475    c8/clk
    SLICE_X65Y12         FDRE                                         r  c8/COUNT_reg[6]/C
  -------------------------------------------------------------------    -------------------
    SLICE_X65Y12         FDRE (Prop_fdre_C_Q)         0.141     1.616 r  c8/COUNT_reg[6]/Q
                         net (fo=1, routed)           0.109     1.726    c8/COUNT_reg_n_0_[6]
    SLICE_X65Y12         CARRY4 (Prop_carry4_S[2]_O[2])
                                                      0.111     1.837 r  c8/COUNT_reg[4]_i_1__0/O[2]
                         net (fo=1, routed)           0.000     1.837    c8/COUNT_reg[4]_i_1__0_n_5
    SLICE_X65Y12         FDRE                                         r  c8/COUNT_reg[6]/D
  -------------------------------------------------------------------    -------------------

                         (clock sys_clk_pin rise edge)
                                                      0.000     0.000 r  
    W5                                                0.000     0.000 r  clk (IN)
                         net (fo=0)                   0.000     0.000    clk
    W5                   IBUF (Prop_ibuf_I_O)         0.414     0.414 r  clk_IBUF_inst/O
                         net (fo=1, routed)           0.685     1.099    clk_IBUF
    BUFGCTRL_X0Y0        BUFG (Prop_bufg_I_O)         0.029     1.128 r  clk_IBUF_BUFG_inst/O
                         net (fo=39, routed)          0.862     1.989    c8/clk
    SLICE_X65Y12         FDRE                                         r  c8/COUNT_reg[6]/C
                         clock pessimism             -0.514     1.475    
    SLICE_X65Y12         FDRE (Hold_fdre_C_D)         0.105     1.580    c8/COUNT_reg[6]
  -------------------------------------------------------------------
                         required time                         -1.580    
                         arrival time                           1.837    
  -------------------------------------------------------------------
                         slack                                  0.256    

Slack (MET) :             0.256ns  (arrival time - required time)
  Source:                 c8/COUNT_reg[10]/C
                            (rising edge-triggered cell FDRE clocked by sys_clk_pin  {rise@0.000ns fall@5.000ns period=10.000ns})
  Destination:            c8/COUNT_reg[10]/D
                            (rising edge-triggered cell FDRE clocked by sys_clk_pin  {rise@0.000ns fall@5.000ns period=10.000ns})
  Path Group:             sys_clk_pin
  Path Type:              Hold (Min at Fast Process Corner)
  Requirement:            0.000ns  (sys_clk_pin rise@0.000ns - sys_clk_pin rise@0.000ns)
  Data Path Delay:        0.361ns  (logic 0.252ns (69.733%)  route 0.109ns (30.267%))
  Logic Levels:           1  (CARRY4=1)
  Clock Path Skew:        0.000ns (DCD - SCD - CPR)
    Destination Clock Delay (DCD):    1.988ns
    Source Clock Delay      (SCD):    1.474ns
    Clock Pessimism Removal (CPR):    0.514ns

    Location             Delay type                Incr(ns)  Path(ns)    Netlist Resource(s)
  -------------------------------------------------------------------    -------------------
                         (clock sys_clk_pin rise edge)
                                                      0.000     0.000 r  
    W5                                                0.000     0.000 r  clk (IN)
                         net (fo=0)                   0.000     0.000    clk
    W5                   IBUF (Prop_ibuf_I_O)         0.226     0.226 r  clk_IBUF_inst/O
                         net (fo=1, routed)           0.631     0.858    clk_IBUF
    BUFGCTRL_X0Y0        BUFG (Prop_bufg_I_O)         0.026     0.884 r  clk_IBUF_BUFG_inst/O
                         net (fo=39, routed)          0.591     1.474    c8/clk
    SLICE_X65Y13         FDRE                                         r  c8/COUNT_reg[10]/C
  -------------------------------------------------------------------    -------------------
    SLICE_X65Y13         FDRE (Prop_fdre_C_Q)         0.141     1.615 r  c8/COUNT_reg[10]/Q
                         net (fo=1, routed)           0.109     1.725    c8/COUNT_reg_n_0_[10]
    SLICE_X65Y13         CARRY4 (Prop_carry4_S[2]_O[2])
                                                      0.111     1.836 r  c8/COUNT_reg[8]_i_1__0/O[2]
                         net (fo=1, routed)           0.000     1.836    c8/COUNT_reg[8]_i_1__0_n_5
    SLICE_X65Y13         FDRE                                         r  c8/COUNT_reg[10]/D
  -------------------------------------------------------------------    -------------------

                         (clock sys_clk_pin rise edge)
                                                      0.000     0.000 r  
    W5                                                0.000     0.000 r  clk (IN)
                         net (fo=0)                   0.000     0.000    clk
    W5                   IBUF (Prop_ibuf_I_O)         0.414     0.414 r  clk_IBUF_inst/O
                         net (fo=1, routed)           0.685     1.099    clk_IBUF
    BUFGCTRL_X0Y0        BUFG (Prop_bufg_I_O)         0.029     1.128 r  clk_IBUF_BUFG_inst/O
                         net (fo=39, routed)          0.861     1.988    c8/clk
    SLICE_X65Y13         FDRE                                         r  c8/COUNT_reg[10]/C
                         clock pessimism             -0.514     1.474    
    SLICE_X65Y13         FDRE (Hold_fdre_C_D)         0.105     1.579    c8/COUNT_reg[10]
  -------------------------------------------------------------------
                         required time                         -1.579    
                         arrival time                           1.836    
  -------------------------------------------------------------------
                         slack                                  0.256    

Slack (MET) :             0.256ns  (arrival time - required time)
  Source:                 c8/COUNT_reg[14]/C
                            (rising edge-triggered cell FDRE clocked by sys_clk_pin  {rise@0.000ns fall@5.000ns period=10.000ns})
  Destination:            c8/COUNT_reg[14]/D
                            (rising edge-triggered cell FDRE clocked by sys_clk_pin  {rise@0.000ns fall@5.000ns period=10.000ns})
  Path Group:             sys_clk_pin
  Path Type:              Hold (Min at Fast Process Corner)
  Requirement:            0.000ns  (sys_clk_pin rise@0.000ns - sys_clk_pin rise@0.000ns)
  Data Path Delay:        0.361ns  (logic 0.252ns (69.733%)  route 0.109ns (30.267%))
  Logic Levels:           1  (CARRY4=1)
  Clock Path Skew:        0.000ns (DCD - SCD - CPR)
    Destination Clock Delay (DCD):    1.988ns
    Source Clock Delay      (SCD):    1.474ns
    Clock Pessimism Removal (CPR):    0.514ns

    Location             Delay type                Incr(ns)  Path(ns)    Netlist Resource(s)
  -------------------------------------------------------------------    -------------------
                         (clock sys_clk_pin rise edge)
                                                      0.000     0.000 r  
    W5                                                0.000     0.000 r  clk (IN)
                         net (fo=0)                   0.000     0.000    clk
    W5                   IBUF (Prop_ibuf_I_O)         0.226     0.226 r  clk_IBUF_inst/O
                         net (fo=1, routed)           0.631     0.858    clk_IBUF
    BUFGCTRL_X0Y0        BUFG (Prop_bufg_I_O)         0.026     0.884 r  clk_IBUF_BUFG_inst/O
                         net (fo=39, routed)          0.591     1.474    c8/clk
    SLICE_X65Y14         FDRE                                         r  c8/COUNT_reg[14]/C
  -------------------------------------------------------------------    -------------------
    SLICE_X65Y14         FDRE (Prop_fdre_C_Q)         0.141     1.615 r  c8/COUNT_reg[14]/Q
                         net (fo=1, routed)           0.109     1.725    c8/COUNT_reg_n_0_[14]
    SLICE_X65Y14         CARRY4 (Prop_carry4_S[2]_O[2])
                                                      0.111     1.836 r  c8/COUNT_reg[12]_i_1__0/O[2]
                         net (fo=1, routed)           0.000     1.836    c8/COUNT_reg[12]_i_1__0_n_5
    SLICE_X65Y14         FDRE                                         r  c8/COUNT_reg[14]/D
  -------------------------------------------------------------------    -------------------

                         (clock sys_clk_pin rise edge)
                                                      0.000     0.000 r  
    W5                                                0.000     0.000 r  clk (IN)
                         net (fo=0)                   0.000     0.000    clk
    W5                   IBUF (Prop_ibuf_I_O)         0.414     0.414 r  clk_IBUF_inst/O
                         net (fo=1, routed)           0.685     1.099    clk_IBUF
    BUFGCTRL_X0Y0        BUFG (Prop_bufg_I_O)         0.029     1.128 r  clk_IBUF_BUFG_inst/O
                         net (fo=39, routed)          0.861     1.988    c8/clk
    SLICE_X65Y14         FDRE                                         r  c8/COUNT_reg[14]/C
                         clock pessimism             -0.514     1.474    
    SLICE_X65Y14         FDRE (Hold_fdre_C_D)         0.105     1.579    c8/COUNT_reg[14]
  -------------------------------------------------------------------
                         required time                         -1.579    
                         arrival time                           1.836    
  -------------------------------------------------------------------
                         slack                                  0.256    

Slack (MET) :             0.256ns  (arrival time - required time)
  Source:                 c8/COUNT_reg[2]/C
                            (rising edge-triggered cell FDRE clocked by sys_clk_pin  {rise@0.000ns fall@5.000ns period=10.000ns})
  Destination:            c8/COUNT_reg[2]/D
                            (rising edge-triggered cell FDRE clocked by sys_clk_pin  {rise@0.000ns fall@5.000ns period=10.000ns})
  Path Group:             sys_clk_pin
  Path Type:              Hold (Min at Fast Process Corner)
  Requirement:            0.000ns  (sys_clk_pin rise@0.000ns - sys_clk_pin rise@0.000ns)
  Data Path Delay:        0.361ns  (logic 0.252ns (69.733%)  route 0.109ns (30.267%))
  Logic Levels:           1  (CARRY4=1)
  Clock Path Skew:        0.000ns (DCD - SCD - CPR)
    Destination Clock Delay (DCD):    1.991ns
    Source Clock Delay      (SCD):    1.476ns
    Clock Pessimism Removal (CPR):    0.515ns

    Location             Delay type                Incr(ns)  Path(ns)    Netlist Resource(s)
  -------------------------------------------------------------------    -------------------
                         (clock sys_clk_pin rise edge)
                                                      0.000     0.000 r  
    W5                                                0.000     0.000 r  clk (IN)
                         net (fo=0)                   0.000     0.000    clk
    W5                   IBUF (Prop_ibuf_I_O)         0.226     0.226 r  clk_IBUF_inst/O
                         net (fo=1, routed)           0.631     0.858    clk_IBUF
    BUFGCTRL_X0Y0        BUFG (Prop_bufg_I_O)         0.026     0.884 r  clk_IBUF_BUFG_inst/O
                         net (fo=39, routed)          0.593     1.476    c8/clk
    SLICE_X65Y11         FDRE                                         r  c8/COUNT_reg[2]/C
  -------------------------------------------------------------------    -------------------
    SLICE_X65Y11         FDRE (Prop_fdre_C_Q)         0.141     1.617 r  c8/COUNT_reg[2]/Q
                         net (fo=1, routed)           0.109     1.727    c8/COUNT_reg_n_0_[2]
    SLICE_X65Y11         CARRY4 (Prop_carry4_S[2]_O[2])
                                                      0.111     1.838 r  c8/COUNT_reg[0]_i_1__0/O[2]
                         net (fo=1, routed)           0.000     1.838    c8/COUNT_reg[0]_i_1__0_n_5
    SLICE_X65Y11         FDRE                                         r  c8/COUNT_reg[2]/D
  -------------------------------------------------------------------    -------------------

                         (clock sys_clk_pin rise edge)
                                                      0.000     0.000 r  
    W5                                                0.000     0.000 r  clk (IN)
                         net (fo=0)                   0.000     0.000    clk
    W5                   IBUF (Prop_ibuf_I_O)         0.414     0.414 r  clk_IBUF_inst/O
                         net (fo=1, routed)           0.685     1.099    clk_IBUF
    BUFGCTRL_X0Y0        BUFG (Prop_bufg_I_O)         0.029     1.128 r  clk_IBUF_BUFG_inst/O
                         net (fo=39, routed)          0.864     1.991    c8/clk
    SLICE_X65Y11         FDRE                                         r  c8/COUNT_reg[2]/C
                         clock pessimism             -0.515     1.476    
    SLICE_X65Y11         FDRE (Hold_fdre_C_D)         0.105     1.581    c8/COUNT_reg[2]
  -------------------------------------------------------------------
                         required time                         -1.581    
                         arrival time                           1.838    
  -------------------------------------------------------------------
                         slack                                  0.256    





Pulse Width Checks
--------------------------------------------------------------------------------------
Clock Name:         sys_clk_pin
Waveform(ns):       { 0.000 5.000 }
Period(ns):         10.000
Sources:            { clk }

Check Type        Corner  Lib Pin  Reference Pin  Required(ns)  Actual(ns)  Slack(ns)  Location       Pin
Min Period        n/a     BUFG/I   n/a            2.155         10.000      7.845      BUFGCTRL_X0Y0  clk_IBUF_BUFG_inst/I
Min Period        n/a     FDRE/C   n/a            1.000         10.000      9.000      SLICE_X60Y16   c1/state_reg[0]/C
Min Period        n/a     FDRE/C   n/a            1.000         10.000      9.000      SLICE_X60Y16   c1/state_reg[1]/C
Min Period        n/a     FDRE/C   n/a            1.000         10.000      9.000      SLICE_X58Y13   c2/COUNT_reg[0]/C
Min Period        n/a     FDRE/C   n/a            1.000         10.000      9.000      SLICE_X58Y15   c2/COUNT_reg[10]/C
Min Period        n/a     FDRE/C   n/a            1.000         10.000      9.000      SLICE_X58Y15   c2/COUNT_reg[11]/C
Min Period        n/a     FDRE/C   n/a            1.000         10.000      9.000      SLICE_X58Y16   c2/COUNT_reg[12]/C
Min Period        n/a     FDRE/C   n/a            1.000         10.000      9.000      SLICE_X58Y16   c2/COUNT_reg[13]/C
Min Period        n/a     FDRE/C   n/a            1.000         10.000      9.000      SLICE_X58Y16   c2/COUNT_reg[14]/C
Min Period        n/a     FDRE/C   n/a            1.000         10.000      9.000      SLICE_X58Y16   c2/COUNT_reg[15]/C
Low Pulse Width   Fast    FDRE/C   n/a            0.500         5.000       4.500      SLICE_X60Y16   c1/state_reg[0]/C
Low Pulse Width   Fast    FDRE/C   n/a            0.500         5.000       4.500      SLICE_X60Y16   c1/state_reg[1]/C
Low Pulse Width   Fast    FDRE/C   n/a            0.500         5.000       4.500      SLICE_X58Y13   c2/COUNT_reg[0]/C
Low Pulse Width   Fast    FDRE/C   n/a            0.500         5.000       4.500      SLICE_X58Y15   c2/COUNT_reg[10]/C
Low Pulse Width   Fast    FDRE/C   n/a            0.500         5.000       4.500      SLICE_X58Y15   c2/COUNT_reg[11]/C
Low Pulse Width   Fast    FDRE/C   n/a            0.500         5.000       4.500      SLICE_X58Y16   c2/COUNT_reg[12]/C
Low Pulse Width   Fast    FDRE/C   n/a            0.500         5.000       4.500      SLICE_X58Y16   c2/COUNT_reg[13]/C
Low Pulse Width   Fast    FDRE/C   n/a            0.500         5.000       4.500      SLICE_X58Y16   c2/COUNT_reg[14]/C
Low Pulse Width   Fast    FDRE/C   n/a            0.500         5.000       4.500      SLICE_X58Y16   c2/COUNT_reg[15]/C
Low Pulse Width   Fast    FDRE/C   n/a            0.500         5.000       4.500      SLICE_X58Y13   c2/COUNT_reg[1]/C
High Pulse Width  Slow    FDRE/C   n/a            0.500         5.000       4.500      SLICE_X60Y16   c1/state_reg[0]/C
High Pulse Width  Slow    FDRE/C   n/a            0.500         5.000       4.500      SLICE_X60Y16   c1/state_reg[1]/C
High Pulse Width  Slow    FDRE/C   n/a            0.500         5.000       4.500      SLICE_X58Y15   c2/COUNT_reg[10]/C
High Pulse Width  Fast    FDRE/C   n/a            0.500         5.000       4.500      SLICE_X58Y15   c2/COUNT_reg[10]/C
High Pulse Width  Slow    FDRE/C   n/a            0.500         5.000       4.500      SLICE_X58Y15   c2/COUNT_reg[11]/C
High Pulse Width  Fast    FDRE/C   n/a            0.500         5.000       4.500      SLICE_X58Y15   c2/COUNT_reg[11]/C
High Pulse Width  Slow    FDRE/C   n/a            0.500         5.000       4.500      SLICE_X58Y16   c2/COUNT_reg[12]/C
High Pulse Width  Slow    FDRE/C   n/a            0.500         5.000       4.500      SLICE_X58Y16   c2/COUNT_reg[13]/C
High Pulse Width  Slow    FDRE/C   n/a            0.500         5.000       4.500      SLICE_X58Y16   c2/COUNT_reg[14]/C
High Pulse Width  Slow    FDRE/C   n/a            0.500         5.000       4.500      SLICE_X58Y16   c2/COUNT_reg[15]/C



