Exception at PC 0x00007FFDA4063FB8
Exception at PC 0x00007FFDA4063FB8
Exception at PC 0x00007FFDA4063FB8
Exception at PC 0x00007FFDA4063FB8
Exception at PC 0x00007FFD5B7DE132
Attemped to write at address 0x00007FFD6D7C4AA4
Printing stacktrace...

[0]  [0x00007FFD5B7DE132]
[1]  [0x00007FFD5B7DE132]
[2]  [0x00007FFD5B7DE194]
[3]  [0x00007FFD5B42D0D7]
[4]  [0x00007FFD5B312BCA]
[5]  [0x00007FFD5B312FD1]
[6]  [0x00007FFD5B7DEB2F]
[7]  [0x00007FFD5B69C19D]
[8]  [0x00007FFD5B695942]
[9]  [0x00007FFD5B695AB5]
[10] (RtlDeactivateActivationContextUnsafeFast+0x1b3) [0x00007FFDA6FF1493]
[11] (LdrShutdownProcess+0x125) [0x00007FFDA70206B5]
[12] (RtlExitUserProcess+0xb4) [0x00007FFDA7020574]
[13] (ExitProcess+0xa) [0x00007FFDA5EAF06A]
[14] (exit+0x75) [0x00007FFDA61E9B25]
[15] (initterm_e+0x21d) [0x00007FFDA61EA16D]
[16]  [0x00000000004014CD]
[17]  [0x000000000040151B]
[18] (BaseThreadInitThunk+0x14) [0x00007FFDA5EB1FE4]
[19] (RtlUserThreadStart+0x21) [0x00007FFDA704EFB1]
Done
