Exception at PC 0x00007FF8F4544008
Exception at PC 0x00007FF8F4544008
Exception at PC 0x00007FF8F4544008
Exception at PC 0x00007FF8F4544008
Exception at PC 0x00007FF87630E132
Attemped to write at address 0x00007FF8BD184AA4
Printing stacktrace...

[0]  [0x00007FF87630E132]
[1]  [0x00007FF87630E132]
[2]  [0x00007FF87630E194]
[3]  [0x00007FF875F5D0D7]
[4]  [0x00007FF875E42BCA]
[5]  [0x00007FF875E42FD1]
[6]  [0x00007FF87630EB2F]
[7]  [0x00007FF8761CC19D]
[8]  [0x00007FF8761C5942]
[9]  [0x00007FF8761C5AB5]
[10] (RtlDeactivateActivationContextUnsafeFast+0x1b3) [0x00007FF8F7331493]
[11] (LdrShutdownProcess+0x125) [0x00007FF8F73606B5]
[12] (RtlExitUserProcess+0xb4) [0x00007FF8F7360574]
[13] (ExitProcess+0xa) [0x00007FF8F631F06A]
[14] (exit+0x75) [0x00007FF8F6699B25]
[15] (initterm_e+0x21d) [0x00007FF8F669A16D]
[16]  [0x00000000004014CD]
[17]  [0x000000000040151B]
[18] (BaseThreadInitThunk+0x14) [0x00007FF8F6321FE4]
[19] (RtlUserThreadStart+0x21) [0x00007FF8F738EFC1]
Done
