Exception at PC 0x00007FFA01554008
Exception at PC 0x00007FFA01554008
Exception at PC 0x00007FFA01554008
Exception at PC 0x00007FFA01554008
Exception at PC 0x00007FF97442E132
Attemped to write at address 0x00007FF9C7214AA4
Printing stacktrace...

[0]  [0x00007FF97442E132]
[1]  [0x00007FF97442E132]
[2]  [0x00007FF97442E194]
[3]  [0x00007FF97407D0D7]
[4]  [0x00007FF973F62BCA]
[5]  [0x00007FF973F62FD1]
[6]  [0x00007FF97442EB2F]
[7]  [0x00007FF9742EC19D]
[8]  [0x00007FF9742E5942]
[9]  [0x00007FF9742E5AB5]
[10] (RtlDeactivateActivationContextUnsafeFast+0x1b3) [0x00007FFA04F01493]
[11] (LdrShutdownProcess+0x125) [0x00007FFA04F306B5]
[12] (RtlExitUserProcess+0xb4) [0x00007FFA04F30574]
[13] (ExitProcess+0xa) [0x00007FFA04CDF06A]
[14] (exit+0x75) [0x00007FFA04DE9B25]
[15] (initterm_e+0x21d) [0x00007FFA04DEA16D]
[16]  [0x00000000004014CD]
[17]  [0x000000000040151B]
[18] (BaseThreadInitThunk+0x14) [0x00007FFA04CE1FE4]
[19] (RtlUserThreadStart+0x21) [0x00007FFA04F5EFC1]
Done
