Exception at PC 0x00007FFC164C4008
Exception at PC 0x00007FFC164C4008
Exception at PC 0x00007FFC164C4008
Exception at PC 0x00007FFC164C4008
Exception at PC 0x00007FFB7AB7E132
Attemped to write at address 0x00007FFBDE6A4AA4
Printing stacktrace...

[0]  [0x00007FFB7AB7E132]
[1]  [0x00007FFB7AB7E132]
[2]  [0x00007FFB7AB7E194]
[3]  [0x00007FFB7A7CD0D7]
[4]  [0x00007FFB7A6B2BCA]
[5]  [0x00007FFB7A6B2FD1]
[6]  [0x00007FFB7AB7EB2F]
[7]  [0x00007FFB7AA3C19D]
[8]  [0x00007FFB7AA35942]
[9]  [0x00007FFB7AA35AB5]
[10] (RtlDeactivateActivationContextUnsafeFast+0x1b3) [0x00007FFC19481493]
[11] (LdrShutdownProcess+0x125) [0x00007FFC194B0755]
[12] (RtlExitUserProcess+0xb4) [0x00007FFC194B0614]
[13] (ExitProcess+0xa) [0x00007FFC1733F06A]
[14] (exit+0x75) [0x00007FFC19099B25]
[15] (initterm_e+0x21d) [0x00007FFC1909A16D]
[16]  [0x00000000004014CD]
[17]  [0x000000000040151B]
[18] (BaseThreadInitThunk+0x14) [0x00007FFC17341FE4]
[19] (RtlUserThreadStart+0x21) [0x00007FFC194DF061]
Done
